0 info it worked if it ends with ok
<<<<<<< HEAD
1 verbose cli [ 'C:\\Program Files\\nodejs\\node.exe',
1 verbose cli   'C:\\Program Files\\nodejs\\node_modules\\npm\\bin\\npm-cli.js',
1 verbose cli   'install' ]
2 info using npm@3.10.10
3 info using node@v6.10.2
4 silly loadCurrentTree Starting
5 silly install loadCurrentTree
6 silly install readLocalPackageData
7 silly rollbackFailedOptional Starting
8 silly rollbackFailedOptional Finishing
9 silly runTopLevelLifecycles Finishing
10 silly install printInstalled
11 verbose stack Error: Failed to parse json
11 verbose stack Trailing comma in object at 16:2
11 verbose stack  },
11 verbose stack  ^
11 verbose stack     at parseError (C:\Program Files\nodejs\node_modules\npm\node_modules\read-package-json\read-json.js:390:11)
11 verbose stack     at parseJson (C:\Program Files\nodejs\node_modules\npm\node_modules\read-package-json\read-json.js:79:23)
11 verbose stack     at C:\Program Files\nodejs\node_modules\npm\node_modules\read-package-json\read-json.js:48:5
11 verbose stack     at C:\Program Files\nodejs\node_modules\npm\node_modules\graceful-fs\graceful-fs.js:78:16
11 verbose stack     at tryToString (fs.js:456:3)
11 verbose stack     at FSReqWrap.readFileAfterClose [as oncomplete] (fs.js:443:12)
12 verbose cwd C:\Users\ezhar\desktop\Sportify5
13 error Windows_NT 10.0.15063
14 error argv "C:\\Program Files\\nodejs\\node.exe" "C:\\Program Files\\nodejs\\node_modules\\npm\\bin\\npm-cli.js" "install"
15 error node v6.10.2
16 error npm  v3.10.10
17 error file C:\Users\ezhar\desktop\Sportify5\package.json
18 error code EJSONPARSE
19 error Failed to parse json
19 error Trailing comma in object at 16:2
19 error  },
19 error  ^
20 error File: C:\Users\ezhar\desktop\Sportify5\package.json
21 error Failed to parse package.json data.
21 error package.json must be actual JSON, not just JavaScript.
21 error
21 error This is not a bug in npm.
21 error Tell the package author to fix their package.json file. JSON.parse
22 verbose exit [ 1, true ]
=======
1 verbose cli [ '/usr/local/bin/node', '/usr/local/bin/npm', 'start' ]
2 info using npm@3.10.10
3 info using node@v6.11.1
4 verbose stack Error: Failed to parse json
4 verbose stack Trailing comma in object at 16:2
4 verbose stack  },
4 verbose stack  ^
4 verbose stack     at parseError (/usr/local/lib/node_modules/npm/node_modules/read-package-json/read-json.js:390:11)
4 verbose stack     at parseJson (/usr/local/lib/node_modules/npm/node_modules/read-package-json/read-json.js:79:23)
4 verbose stack     at /usr/local/lib/node_modules/npm/node_modules/read-package-json/read-json.js:48:5
4 verbose stack     at /usr/local/lib/node_modules/npm/node_modules/graceful-fs/graceful-fs.js:78:16
4 verbose stack     at tryToString (fs.js:456:3)
4 verbose stack     at FSReqWrap.readFileAfterClose [as oncomplete] (fs.js:443:12)
5 verbose cwd /Users/mmchast2/Sportify5
6 error Darwin 16.7.0
7 error argv "/usr/local/bin/node" "/usr/local/bin/npm" "start"
8 error node v6.11.1
9 error npm  v3.10.10
10 error file /Users/mmchast2/Sportify5/package.json
11 error code EJSONPARSE
12 error Failed to parse json
12 error Trailing comma in object at 16:2
12 error  },
12 error  ^
13 error File: /Users/mmchast2/Sportify5/package.json
14 error Failed to parse package.json data.
14 error package.json must be actual JSON, not just JavaScript.
14 error
14 error This is not a bug in npm.
14 error Tell the package author to fix their package.json file. JSON.parse
15 verbose exit [ 1, true ]
>>>>>>> 252a536b3762f338ef9a77627f6e13d94eca9c6c
